<component name="ArtifactManager">
  <artifact type="jar" name="junit5-jupiter-starter-maven:jar">
    <output-path>$PROJECT_DIR$/classes/artifacts/junit5_jupiter_starter_maven_jar</output-path>
    <root id="archive" name="junit5-jupiter-starter-maven.jar">
      <element id="module-output" name="junit5-jupiter-starter-maven" />
      <element id="extracted-dir" path="$MAVEN_REPOSITORY$/args4j/args4j/2.33/args4j-2.33.jar" path-in-jar="/" />
    </root>
  </artifact>
</component>